<?xml version="1.0" encoding="UTF-8"?>
<testng-results ignored="0" total="1" passed="1" failed="0" skipped="0">
  <reporter-output>
  </reporter-output>
  <suite started-at="2024-06-19T11:29:19 IST" name="Default suite" finished-at="2024-06-19T11:29:21 IST" duration-ms="2423">
    <groups>
    </groups>
    <test started-at="2024-06-19T11:29:19 IST" name="Default test" finished-at="2024-06-19T11:29:21 IST" duration-ms="2423">
      <class name="restAssured.restAssured.chaining1">
        <test-method is-config="true" signature="setupExtentReports()[pri:0, instance:restAssured.restAssured.chaining1@5965be2d]" started-at="2024-06-19T11:29:19 IST" name="setupExtentReports" finished-at="2024-06-19T11:29:19 IST" duration-ms="242" status="PASS">
          <reporter-output>
          </reporter-output>
        </test-method> <!-- setupExtentReports -->
        <test-method is-config="true" signature="setupTestMethod()[pri:0, instance:restAssured.restAssured.chaining1@5965be2d]" started-at="2024-06-19T11:29:19 IST" name="setupTestMethod" finished-at="2024-06-19T11:29:19 IST" duration-ms="4" status="PASS">
          <reporter-output>
          </reporter-output>
        </test-method> <!-- setupTestMethod -->
        <test-method signature="updateUserAndDelete()[pri:1, instance:restAssured.restAssured.chaining1@5965be2d]" started-at="2024-06-19T11:29:19 IST" name="updateUserAndDelete" finished-at="2024-06-19T11:29:21 IST" duration-ms="2300" status="PASS">
          <reporter-output>
          </reporter-output>
        </test-method> <!-- updateUserAndDelete -->
        <test-method is-config="true" signature="tearDownTestMethod()[pri:0, instance:restAssured.restAssured.chaining1@5965be2d]" started-at="2024-06-19T11:29:21 IST" name="tearDownTestMethod" finished-at="2024-06-19T11:29:21 IST" duration-ms="1" status="PASS">
          <reporter-output>
          </reporter-output>
        </test-method> <!-- tearDownTestMethod -->
        <test-method is-config="true" signature="tearDownSuite()[pri:0, instance:restAssured.restAssured.chaining1@5965be2d]" started-at="2024-06-19T11:29:21 IST" name="tearDownSuite" finished-at="2024-06-19T11:29:22 IST" duration-ms="324" status="PASS">
          <reporter-output>
          </reporter-output>
        </test-method> <!-- tearDownSuite -->
      </class> <!-- restAssured.restAssured.chaining1 -->
    </test> <!-- Default test -->
  </suite> <!-- Default suite -->
</testng-results>
